[2021-05-25T14:53:42.687] [DEBUG] cheese - login => username:admin,password:123456
[2021-05-25T14:53:42.688] [DEBUG] cheese - admin
[2021-05-25T14:53:42.703] [DEBUG] cheese - null
[2021-05-25T14:53:42.703] [DEBUG] cheese - null
[2021-12-19T15:29:57.912] [DEBUG] cheese - login => username:huowuge,password:123456
[2021-12-19T15:29:57.942] [DEBUG] cheese - huowuge
[2021-12-19T15:29:57.993] [DEBUG] cheese - null
[2021-12-19T15:29:57.999] [DEBUG] cheese - null
[2021-12-19T18:20:26.293] [DEBUG] cheese - login => username:admin,password:123456
[2021-12-19T18:20:26.318] [DEBUG] cheese - admin
[2021-12-19T18:20:26.530] [DEBUG] cheese - null
[2021-12-19T18:20:26.530] [DEBUG] cheese - null
[2021-12-19T22:56:42.935] [DEBUG] cheese - login => username:admin,password:123456
[2021-12-19T22:56:42.947] [DEBUG] cheese - admin
[2021-12-19T22:56:43.170] [DEBUG] cheese - null
[2021-12-19T22:56:43.170] [DEBUG] cheese - null
[2021-12-20T00:04:45.726] [DEBUG] cheese - login => username:admin,password:123456
[2021-12-20T00:04:46.057] [DEBUG] cheese - admin
[2021-12-20T00:04:46.811] [DEBUG] cheese - null
[2021-12-20T00:04:46.811] [DEBUG] cheese - null
